# JRE version: Java(TM) SE Runtime Environment (8.0_111-b14) (build 1.8.0_111-b14)
# Java VM: Java HotSpot(TM) 64-Bit Server VM (25.111-b14 mixed mode linux-amd64 compressed oops)
Heap:
 PSYoungGen      total 26112K, used 16370K [0x00000000d6b80000, 0x00000000d9280000, 0x0000000100000000)
  eden space 25600K, 63% used [0x00000000d6b80000,0x00000000d7b549d8,0x00000000d8480000)
  from space 512K, 31% used [0x00000000d9180000,0x00000000d91a8000,0x00000000d9200000)
  to   space 512K, 0% used [0x00000000d9200000,0x00000000d9200000,0x00000000d9280000)
 ParOldGen       total 60928K, used 42393K [0x0000000084200000, 0x0000000087d80000, 0x00000000d6b80000)
  object space 60928K, 69% used [0x0000000084200000,0x0000000086b66560,0x0000000087d80000)
 Metaspace       used 30483K, capacity 31692K, committed 32000K, reserved 1077248K
  class space    used 3703K, capacity 3983K, committed 4096K, reserved 1048576K
GC Heap History (10 events):
Event: 315.714 GC heap before
{Heap before GC invocations=507 (full 2):
 PSYoungGen      total 24064K, used 23762K [0x00000000d6b80000, 0x00000000d9280000, 0x0000000100000000)
  eden space 23552K, 100% used [0x00000000d6b80000,0x00000000d8280000,0x00000000d8280000)
  from space 512K, 41% used [0x00000000d9200000,0x00000000d9234810,0x00000000d9280000)
  to   space 512K, 0% used [0x00000000d9180000,0x00000000d9180000,0x00000000d9200000)
 ParOldGen       total 60928K, used 42053K [0x0000000084200000, 0x0000000087d80000, 0x00000000d6b80000)
  object space 60928K, 69% used [0x0000000084200000,0x0000000086b11678,0x0000000087d80000)
 Metaspace       used 30458K, capacity 31628K, committed 32000K, reserved 1077248K
  class space    used 3703K, capacity 3983K, committed 4096K, reserved 1048576K
Event: 315.720 GC heap after
Heap after GC invocations=507 (full 2):
 PSYoungGen      total 28160K, used 128K [0x00000000d6b80000, 0x00000000d9280000, 0x0000000100000000)
  eden space 27648K, 0% used [0x00000000d6b80000,0x00000000d6b80000,0x00000000d8680000)
  from space 512K, 25% used [0x00000000d9180000,0x00000000d91a0000,0x00000000d9200000)
  to   space 512K, 0% used [0x00000000d9200000,0x00000000d9200000,0x00000000d9280000)
 ParOldGen       total 60928K, used 42061K [0x0000000084200000, 0x0000000087d80000, 0x00000000d6b80000)
  object space 60928K, 69% used [0x0000000084200000,0x0000000086b13678,0x0000000087d80000)
 Metaspace       used 30458K, capacity 31628K, committed 32000K, reserved 1077248K
  class space    used 3703K, capacity 3983K, committed 4096K, reserved 1048576K
}
Event: 316.150 GC heap before
{Heap before GC invocations=508 (full 2):
 PSYoungGen      total 28160K, used 27776K [0x00000000d6b80000, 0x00000000d9280000, 0x0000000100000000)
  eden space 27648K, 100% used [0x00000000d6b80000,0x00000000d8680000,0x00000000d8680000)
  from space 512K, 25% used [0x00000000d9180000,0x00000000d91a0000,0x00000000d9200000)
  to   space 512K, 0% used [0x00000000d9200000,0x00000000d9200000,0x00000000d9280000)
 ParOldGen       total 60928K, used 42139K [0x0000000084200000, 0x0000000087d80000, 0x00000000d6b80000)
  object space 60928K, 69% used [0x0000000084200000,0x0000000086b26d38,0x0000000087d80000)
 Metaspace       used 30458K, capacity 31628K, committed 32000K, reserved 1077248K
  class space    used 3703K, capacity 3983K, committed 4096K, reserved 1048576K
Event: 316.152 GC heap after
Heap after GC invocations=508 (full 2):
 PSYoungGen      total 27648K, used 128K [0x00000000d6b80000, 0x00000000d9280000, 0x0000000100000000)
  eden space 27136K, 0% used [0x00000000d6b80000,0x00000000d6b80000,0x00000000d8600000)
  from space 512K, 25% used [0x00000000d9200000,0x00000000d9220000,0x00000000d9280000)
  to   space 512K, 0% used [0x00000000d9180000,0x00000000d9180000,0x00000000d9200000)
 ParOldGen       total 60928K, used 42155K [0x0000000084200000, 0x0000000087d80000, 0x00000000d6b80000)
  object space 60928K, 69% used [0x0000000084200000,0x0000000086b2ad38,0x0000000087d80000)
 Metaspace       used 30458K, capacity 31628K, committed 32000K, reserved 1077248K
  class space    used 3703K, capacity 3983K, committed 4096K, reserved 1048576K
}
Event: 316.583 GC heap before
{Heap before GC invocations=509 (full 2):
 PSYoungGen      total 27648K, used 27264K [0x00000000d6b80000, 0x00000000d9280000, 0x0000000100000000)
  eden space 27136K, 100% used [0x00000000d6b80000,0x00000000d8600000,0x00000000d8600000)
  from space 512K, 25% used [0x00000000d9200000,0x00000000d9220000,0x00000000d9280000)
  to   space 512K, 0% used [0x00000000d9180000,0x00000000d9180000,0x00000000d9200000)
 ParOldGen       total 60928K, used 42285K [0x0000000084200000, 0x0000000087d80000, 0x00000000d6b80000)
  object space 60928K, 69% used [0x0000000084200000,0x0000000086b4b4f8,0x0000000087d80000)
 Metaspace       used 30458K, capacity 31628K, committed 32000K, reserved 1077248K
  class space    used 3703K, capacity 3983K, committed 4096K, reserved 1048576K
Event: 316.585 GC heap after
Heap after GC invocations=509 (full 2):
 PSYoungGen      total 27136K, used 224K [0x00000000d6b80000, 0x00000000d9280000, 0x0000000100000000)
  eden space 26624K, 0% used [0x00000000d6b80000,0x00000000d6b80000,0x00000000d8580000)
  from space 512K, 43% used [0x00000000d9180000,0x00000000d91b8020,0x00000000d9200000)
  to   space 512K, 0% used [0x00000000d9200000,0x00000000d9200000,0x00000000d9280000)
 ParOldGen       total 60928K, used 42293K [0x0000000084200000, 0x0000000087d80000, 0x00000000d6b80000)
  object space 60928K, 69% used [0x0000000084200000,0x0000000086b4d4f8,0x0000000087d80000)
 Metaspace       used 30458K, capacity 31628K, committed 32000K, reserved 1077248K
  class space    used 3703K, capacity 3983K, committed 4096K, reserved 1048576K
}
Event: 316.959 GC heap before
{Heap before GC invocations=510 (full 2):
 PSYoungGen      total 27136K, used 26848K [0x00000000d6b80000, 0x00000000d9280000, 0x0000000100000000)
  eden space 26624K, 100% used [0x00000000d6b80000,0x00000000d8580000,0x00000000d8580000)
  from space 512K, 43% used [0x00000000d9180000,0x00000000d91b8020,0x00000000d9200000)
  to   space 512K, 0% used [0x00000000d9200000,0x00000000d9200000,0x00000000d9280000)
 ParOldGen       total 60928K, used 42293K [0x0000000084200000, 0x0000000087d80000, 0x00000000d6b80000)
  object space 60928K, 69% used [0x0000000084200000,0x0000000086b4d5e0,0x0000000087d80000)
 Metaspace       used 30458K, capacity 31628K, committed 32000K, reserved 1077248K
  class space    used 3703K, capacity 3983K, committed 4096K, reserved 1048576K
Event: 316.961 GC heap after
Heap after GC invocations=510 (full 2):
 PSYoungGen      total 26624K, used 192K [0x00000000d6b80000, 0x00000000d9280000, 0x0000000100000000)
  eden space 26112K, 0% used [0x00000000d6b80000,0x00000000d6b80000,0x00000000d8500000)
  from space 512K, 37% used [0x00000000d9200000,0x00000000d9230000,0x00000000d9280000)
  to   space 512K, 0% used [0x00000000d9180000,0x00000000d9180000,0x00000000d9200000)
 ParOldGen       total 60928K, used 42309K [0x0000000084200000, 0x0000000087d80000, 0x00000000d6b80000)
  object space 60928K, 69% used [0x0000000084200000,0x0000000086b515e0,0x0000000087d80000)
 Metaspace       used 30458K, capacity 31628K, committed 32000K, reserved 1077248K
  class space    used 3703K, capacity 3983K, committed 4096K, reserved 1048576K
}
Event: 317.308 GC heap before
{Heap before GC invocations=511 (full 2):
 PSYoungGen      total 26624K, used 26304K [0x00000000d6b80000, 0x00000000d9280000, 0x0000000100000000)
  eden space 26112K, 100% used [0x00000000d6b80000,0x00000000d8500000,0x00000000d8500000)
  from space 512K, 37% used [0x00000000d9200000,0x00000000d9230000,0x00000000d9280000)
  to   space 512K, 0% used [0x00000000d9180000,0x00000000d9180000,0x00000000d9200000)
 ParOldGen       total 60928K, used 42377K [0x0000000084200000, 0x0000000087d80000, 0x00000000d6b80000)
  object space 60928K, 69% used [0x0000000084200000,0x0000000086b62560,0x0000000087d80000)
 Metaspace       used 30458K, capacity 31628K, committed 32000K, reserved 1077248K
  class space    used 3703K, capacity 3983K, committed 4096K, reserved 1048576K
Event: 317.310 GC heap after
Heap after GC invocations=511 (full 2):
 PSYoungGen      total 26112K, used 160K [0x00000000d6b80000, 0x00000000d9280000, 0x0000000100000000)
  eden space 25600K, 0% used [0x00000000d6b80000,0x00000000d6b80000,0x00000000d8480000)
  from space 512K, 31% used [0x00000000d9180000,0x00000000d91a8000,0x00000000d9200000)
  to   space 512K, 0% used [0x00000000d9200000,0x00000000d9200000,0x00000000d9280000)
 ParOldGen       total 60928K, used 42393K [0x0000000084200000, 0x0000000087d80000, 0x00000000d6b80000)
  object space 60928K, 69% used [0x0000000084200000,0x0000000086b66560,0x0000000087d80000)
 Metaspace       used 30458K, capacity 31628K, committed 32000K, reserved 1077248K
  class space    used 3703K, capacity 3983K, committed 4096K, reserved 1048576K
}

